{"C:\\Users\\mmoha\\CS482\\SE_Project\\soccerleague\\models\\dbConnection.js": {"path":"C:\\Users\\mmoha\\CS482\\SE_Project\\soccerleague\\models\\dbConnection.js","statementMap":{"0":{"start":{"line":1,"column":0},"end":{"line":1,"column":27}},"1":{"start":{"line":2,"column":17},"end":{"line":2,"column":36}},"2":{"start":{"line":4,"column":0},"end":{"line":10,"column":1}},"3":{"start":{"line":5,"column":14},"end":{"line":5,"column":32}},"4":{"start":{"line":7,"column":4},"end":{"line":9,"column":7}},"5":{"start":{"line":8,"column":8},"end":{"line":8,"column":33}},"6":{"start":{"line":8,"column":16},"end":{"line":8,"column":33}},"7":{"start":{"line":12,"column":0},"end":{"line":14,"column":1}},"8":{"start":{"line":13,"column":4},"end":{"line":13,"column":38}}},"fnMap":{"0":{"name":"(anonymous_0)","decl":{"start":{"line":4,"column":18},"end":{"line":4,"column":19}},"loc":{"start":{"line":4,"column":34},"end":{"line":10,"column":1}},"line":4},"1":{"name":"(anonymous_1)","decl":{"start":{"line":7,"column":31},"end":{"line":7,"column":32}},"loc":{"start":{"line":7,"column":44},"end":{"line":9,"column":5}},"line":7},"2":{"name":"(anonymous_2)","decl":{"start":{"line":12,"column":21},"end":{"line":12,"column":22}},"loc":{"start":{"line":12,"column":37},"end":{"line":14,"column":1}},"line":12}},"branchMap":{"0":{"loc":{"start":{"line":8,"column":8},"end":{"line":8,"column":33}},"type":"if","locations":[{"start":{"line":8,"column":8},"end":{"line":8,"column":33}},{"start":{},"end":{}}],"line":8}},"s":{"0":4,"1":4,"2":4,"3":4,"4":4,"5":4,"6":0,"7":4,"8":1},"f":{"0":4,"1":4,"2":1},"b":{"0":[0,4]},"_coverageSchema":"1a1c01bbd47fc00a2c39e90264f33305004495a9","hash":"8b3138393f5c741c21fc6869cd55b89e8b05c9bc"}
,"C:\\Users\\mmoha\\CS482\\SE_Project\\soccerleague\\models\\rosterDao.js": {"path":"C:\\Users\\mmoha\\CS482\\SE_Project\\soccerleague\\models\\rosterDao.js","statementMap":{"0":{"start":{"line":1,"column":17},"end":{"line":1,"column":36}},"1":{"start":{"line":2,"column":15},"end":{"line":2,"column":30}},"2":{"start":{"line":4,"column":21},"end":{"line":12,"column":2}},"3":{"start":{"line":14,"column":20},"end":{"line":14,"column":58}},"4":{"start":{"line":16,"column":0},"end":{"line":20,"column":1}},"5":{"start":{"line":17,"column":19},"end":{"line":17,"column":45}},"6":{"start":{"line":18,"column":26},"end":{"line":18,"column":45}},"7":{"start":{"line":19,"column":4},"end":{"line":19,"column":25}},"8":{"start":{"line":22,"column":0},"end":{"line":24,"column":1}},"9":{"start":{"line":23,"column":4},"end":{"line":23,"column":35}}},"fnMap":{"0":{"name":"(anonymous_0)","decl":{"start":{"line":16,"column":17},"end":{"line":16,"column":18}},"loc":{"start":{"line":16,"column":43},"end":{"line":20,"column":1}},"line":16},"1":{"name":"(anonymous_1)","decl":{"start":{"line":22,"column":20},"end":{"line":22,"column":21}},"loc":{"start":{"line":22,"column":37},"end":{"line":24,"column":1}},"line":22}},"branchMap":{},"s":{"0":2,"1":2,"2":2,"3":2,"4":2,"5":2,"6":2,"7":2,"8":2,"9":2},"f":{"0":2,"1":2},"b":{},"_coverageSchema":"1a1c01bbd47fc00a2c39e90264f33305004495a9","hash":"cd885497572768ecfbb8e4337451331b155ede07"}
,"C:\\Users\\mmoha\\CS482\\SE_Project\\soccerleague\\models\\teamDao.js": {"path":"C:\\Users\\mmoha\\CS482\\SE_Project\\soccerleague\\models\\teamDao.js","statementMap":{"0":{"start":{"line":1,"column":17},"end":{"line":1,"column":36}},"1":{"start":{"line":2,"column":15},"end":{"line":2,"column":30}},"2":{"start":{"line":4,"column":19},"end":{"line":8,"column":2}},"3":{"start":{"line":10,"column":18},"end":{"line":10,"column":52}},"4":{"start":{"line":12,"column":0},"end":{"line":16,"column":1}},"5":{"start":{"line":13,"column":17},"end":{"line":13,"column":39}},"6":{"start":{"line":14,"column":24},"end":{"line":14,"column":41}},"7":{"start":{"line":15,"column":4},"end":{"line":15,"column":23}},"8":{"start":{"line":18,"column":0},"end":{"line":20,"column":1}},"9":{"start":{"line":19,"column":4},"end":{"line":19,"column":33}}},"fnMap":{"0":{"name":"(anonymous_0)","decl":{"start":{"line":12,"column":17},"end":{"line":12,"column":18}},"loc":{"start":{"line":12,"column":41},"end":{"line":16,"column":1}},"line":12},"1":{"name":"(anonymous_1)","decl":{"start":{"line":18,"column":20},"end":{"line":18,"column":21}},"loc":{"start":{"line":18,"column":37},"end":{"line":20,"column":1}},"line":18}},"branchMap":{},"s":{"0":1,"1":1,"2":1,"3":1,"4":1,"5":1,"6":1,"7":1,"8":1,"9":2},"f":{"0":1,"1":2},"b":{},"_coverageSchema":"1a1c01bbd47fc00a2c39e90264f33305004495a9","hash":"6778d52be65f6c646ac05f309596d6cd9fd92f89"}
,"C:\\Users\\mmoha\\CS482\\SE_Project\\soccerleague\\models\\userDao.js": {"path":"C:\\Users\\mmoha\\CS482\\SE_Project\\soccerleague\\models\\userDao.js","statementMap":{"0":{"start":{"line":1,"column":17},"end":{"line":1,"column":36}},"1":{"start":{"line":3,"column":15},"end":{"line":3,"column":30}},"2":{"start":{"line":5,"column":19},"end":{"line":11,"column":2}},"3":{"start":{"line":13,"column":18},"end":{"line":13,"column":52}},"4":{"start":{"line":15,"column":0},"end":{"line":19,"column":1}},"5":{"start":{"line":16,"column":15},"end":{"line":16,"column":37}},"6":{"start":{"line":17,"column":22},"end":{"line":17,"column":39}},"7":{"start":{"line":18,"column":2},"end":{"line":18,"column":21}},"8":{"start":{"line":21,"column":0},"end":{"line":24,"column":1}},"9":{"start":{"line":22,"column":13},"end":{"line":22,"column":68}},"10":{"start":{"line":23,"column":2},"end":{"line":23,"column":14}},"11":{"start":{"line":26,"column":0},"end":{"line":28,"column":1}},"12":{"start":{"line":27,"column":2},"end":{"line":27,"column":31}}},"fnMap":{"0":{"name":"(anonymous_0)","decl":{"start":{"line":15,"column":17},"end":{"line":15,"column":18}},"loc":{"start":{"line":15,"column":41},"end":{"line":19,"column":1}},"line":15},"1":{"name":"(anonymous_1)","decl":{"start":{"line":21,"column":16},"end":{"line":21,"column":17}},"loc":{"start":{"line":21,"column":44},"end":{"line":24,"column":1}},"line":21},"2":{"name":"(anonymous_2)","decl":{"start":{"line":26,"column":20},"end":{"line":26,"column":21}},"loc":{"start":{"line":26,"column":37},"end":{"line":28,"column":1}},"line":26}},"branchMap":{},"s":{"0":4,"1":4,"2":4,"3":4,"4":4,"5":6,"6":6,"7":6,"8":4,"9":1,"10":1,"11":4,"12":5},"f":{"0":6,"1":1,"2":5},"b":{},"_coverageSchema":"1a1c01bbd47fc00a2c39e90264f33305004495a9","hash":"9b652268f3af2f3fe0f791a320ad964d2379d2b5"}
}
