{"C:\\Users\\mmoha\\CS482\\SE_Project\\soccerleague\\app.js": {"path":"C:\\Users\\mmoha\\CS482\\SE_Project\\soccerleague\\app.js","statementMap":{"0":{"start":{"line":1,"column":18},"end":{"line":1,"column":40}},"1":{"start":{"line":2,"column":14},"end":{"line":2,"column":32}},"2":{"start":{"line":3,"column":11},"end":{"line":3,"column":26}},"3":{"start":{"line":4,"column":19},"end":{"line":4,"column":43}},"4":{"start":{"line":5,"column":13},"end":{"line":5,"column":30}},"5":{"start":{"line":7,"column":18},"end":{"line":7,"column":43}},"6":{"start":{"line":8,"column":20},"end":{"line":8,"column":47}},"7":{"start":{"line":10,"column":10},"end":{"line":10,"column":19}},"8":{"start":{"line":12,"column":17},"end":{"line":12,"column":36}},"9":{"start":{"line":24,"column":2},"end":{"line":24,"column":126}},"10":{"start":{"line":29,"column":0},"end":{"line":29,"column":48}},"11":{"start":{"line":30,"column":0},"end":{"line":30,"column":31}},"12":{"start":{"line":32,"column":0},"end":{"line":32,"column":23}},"13":{"start":{"line":33,"column":0},"end":{"line":33,"column":24}},"14":{"start":{"line":34,"column":0},"end":{"line":34,"column":49}},"15":{"start":{"line":35,"column":0},"end":{"line":35,"column":24}},"16":{"start":{"line":36,"column":0},"end":{"line":36,"column":56}},"17":{"start":{"line":38,"column":0},"end":{"line":38,"column":26}},"18":{"start":{"line":39,"column":0},"end":{"line":39,"column":35}},"19":{"start":{"line":42,"column":0},"end":{"line":44,"column":3}},"20":{"start":{"line":43,"column":2},"end":{"line":43,"column":25}},"21":{"start":{"line":47,"column":0},"end":{"line":55,"column":3}},"22":{"start":{"line":49,"column":2},"end":{"line":49,"column":35}},"23":{"start":{"line":50,"column":2},"end":{"line":50,"column":69}},"24":{"start":{"line":53,"column":2},"end":{"line":53,"column":32}},"25":{"start":{"line":54,"column":2},"end":{"line":54,"column":22}},"26":{"start":{"line":57,"column":0},"end":{"line":57,"column":21}}},"fnMap":{"0":{"name":"myConnection","decl":{"start":{"line":23,"column":15},"end":{"line":23,"column":27}},"loc":{"start":{"line":23,"column":30},"end":{"line":25,"column":1}},"line":23},"1":{"name":"(anonymous_1)","decl":{"start":{"line":42,"column":8},"end":{"line":42,"column":9}},"loc":{"start":{"line":42,"column":33},"end":{"line":44,"column":1}},"line":42},"2":{"name":"(anonymous_2)","decl":{"start":{"line":47,"column":8},"end":{"line":47,"column":9}},"loc":{"start":{"line":47,"column":38},"end":{"line":55,"column":1}},"line":47}},"branchMap":{"0":{"loc":{"start":{"line":50,"column":21},"end":{"line":50,"column":68}},"type":"cond-expr","locations":[{"start":{"line":50,"column":60},"end":{"line":50,"column":63}},{"start":{"line":50,"column":66},"end":{"line":50,"column":68}}],"line":50},"1":{"loc":{"start":{"line":53,"column":13},"end":{"line":53,"column":30}},"type":"binary-expr","locations":[{"start":{"line":53,"column":13},"end":{"line":53,"column":23}},{"start":{"line":53,"column":27},"end":{"line":53,"column":30}}],"line":53}},"s":{"0":1,"1":1,"2":1,"3":1,"4":1,"5":1,"6":1,"7":1,"8":1,"9":0,"10":1,"11":1,"12":1,"13":1,"14":1,"15":1,"16":1,"17":1,"18":1,"19":1,"20":0,"21":1,"22":0,"23":0,"24":0,"25":0,"26":1},"f":{"0":0,"1":0,"2":0},"b":{"0":[0,0],"1":[0,0]},"_coverageSchema":"1a1c01bbd47fc00a2c39e90264f33305004495a9","hash":"e77059ca1ace9850a9da7d61cd2ab10dd315fa5a"}
,"C:\\Users\\mmoha\\CS482\\SE_Project\\soccerleague\\sum.js": {"path":"C:\\Users\\mmoha\\CS482\\SE_Project\\soccerleague\\sum.js","statementMap":{"0":{"start":{"line":2,"column":4},"end":{"line":2,"column":17}},"1":{"start":{"line":5,"column":0},"end":{"line":5,"column":21}}},"fnMap":{"0":{"name":"sum","decl":{"start":{"line":1,"column":9},"end":{"line":1,"column":12}},"loc":{"start":{"line":1,"column":19},"end":{"line":3,"column":3}},"line":1}},"branchMap":{},"s":{"0":2,"1":2},"f":{"0":2},"b":{},"_coverageSchema":"1a1c01bbd47fc00a2c39e90264f33305004495a9","hash":"73d0fdedd4470c715544a4539b79a5abe3047700"}
,"C:\\Users\\mmoha\\CS482\\SE_Project\\soccerleague\\controllers\\accountController.js": {"path":"C:\\Users\\mmoha\\CS482\\SE_Project\\soccerleague\\controllers\\accountController.js","statementMap":{"0":{"start":{"line":1,"column":14},"end":{"line":1,"column":40}},"1":{"start":{"line":2,"column":15},"end":{"line":2,"column":42}},"2":{"start":{"line":3,"column":14},"end":{"line":3,"column":40}},"3":{"start":{"line":4,"column":15},"end":{"line":4,"column":42}},"4":{"start":{"line":6,"column":35},"end":{"line":6,"column":63}},"5":{"start":{"line":8,"column":12},"end":{"line":8,"column":28}},"6":{"start":{"line":10,"column":0},"end":{"line":12,"column":2}},"7":{"start":{"line":11,"column":4},"end":{"line":11,"column":53}},"8":{"start":{"line":14,"column":0},"end":{"line":73,"column":2}},"9":{"start":{"line":24,"column":23},"end":{"line":24,"column":44}},"10":{"start":{"line":28,"column":8},"end":{"line":33,"column":11}},"11":{"start":{"line":75,"column":0},"end":{"line":77,"column":2}},"12":{"start":{"line":76,"column":4},"end":{"line":76,"column":56}},"13":{"start":{"line":79,"column":0},"end":{"line":99,"column":2}},"14":{"start":{"line":86,"column":8},"end":{"line":86,"column":59}},"15":{"start":{"line":95,"column":23},"end":{"line":95,"column":44}}},"fnMap":{"0":{"name":"(anonymous_0)","decl":{"start":{"line":10,"column":29},"end":{"line":10,"column":30}},"loc":{"start":{"line":10,"column":49},"end":{"line":12,"column":1}},"line":10},"1":{"name":"(anonymous_1)","decl":{"start":{"line":22,"column":4},"end":{"line":22,"column":5}},"loc":{"start":{"line":22,"column":24},"end":{"line":72,"column":5}},"line":22},"2":{"name":"(anonymous_2)","decl":{"start":{"line":75,"column":21},"end":{"line":75,"column":22}},"loc":{"start":{"line":75,"column":36},"end":{"line":77,"column":1}},"line":75},"3":{"name":"(anonymous_3)","decl":{"start":{"line":85,"column":4},"end":{"line":85,"column":5}},"loc":{"start":{"line":85,"column":18},"end":{"line":98,"column":5}},"line":85}},"branchMap":{},"s":{"0":1,"1":1,"2":1,"3":1,"4":1,"5":1,"6":1,"7":1,"8":1,"9":0,"10":0,"11":1,"12":1,"13":1,"14":0,"15":0},"f":{"0":1,"1":0,"2":1,"3":0},"b":{},"_coverageSchema":"1a1c01bbd47fc00a2c39e90264f33305004495a9","hash":"4d017d2bf166a70413d7d4f718a5875b436d22f5"}
,"C:\\Users\\mmoha\\CS482\\SE_Project\\soccerleague\\models\\admin.js": {"path":"C:\\Users\\mmoha\\CS482\\SE_Project\\soccerleague\\models\\admin.js","statementMap":{"0":{"start":{"line":1,"column":17},"end":{"line":1,"column":36}},"1":{"start":{"line":3,"column":15},"end":{"line":3,"column":30}},"2":{"start":{"line":5,"column":20},"end":{"line":10,"column":2}},"3":{"start":{"line":26,"column":0},"end":{"line":26,"column":54}}},"fnMap":{},"branchMap":{},"s":{"0":1,"1":1,"2":1,"3":1},"f":{},"b":{},"_coverageSchema":"1a1c01bbd47fc00a2c39e90264f33305004495a9","hash":"3b98f9b17990d56e961a8c2e437fe9de411fa68d"}
,"C:\\Users\\mmoha\\CS482\\SE_Project\\soccerleague\\models\\coach.js": {"path":"C:\\Users\\mmoha\\CS482\\SE_Project\\soccerleague\\models\\coach.js","statementMap":{"0":{"start":{"line":1,"column":17},"end":{"line":1,"column":36}},"1":{"start":{"line":3,"column":15},"end":{"line":3,"column":30}},"2":{"start":{"line":5,"column":20},"end":{"line":10,"column":2}},"3":{"start":{"line":26,"column":0},"end":{"line":26,"column":54}}},"fnMap":{},"branchMap":{},"s":{"0":1,"1":1,"2":1,"3":1},"f":{},"b":{},"_coverageSchema":"1a1c01bbd47fc00a2c39e90264f33305004495a9","hash":"ff4686009fd1806bca6508c2d4e2dc5118131f4b"}
,"C:\\Users\\mmoha\\CS482\\SE_Project\\soccerleague\\models\\parent.js": {"path":"C:\\Users\\mmoha\\CS482\\SE_Project\\soccerleague\\models\\parent.js","statementMap":{"0":{"start":{"line":1,"column":17},"end":{"line":1,"column":36}},"1":{"start":{"line":3,"column":15},"end":{"line":3,"column":30}},"2":{"start":{"line":5,"column":21},"end":{"line":10,"column":2}},"3":{"start":{"line":26,"column":0},"end":{"line":26,"column":56}}},"fnMap":{},"branchMap":{},"s":{"0":1,"1":1,"2":1,"3":1},"f":{},"b":{},"_coverageSchema":"1a1c01bbd47fc00a2c39e90264f33305004495a9","hash":"bc858665a84881a333325dd03f8bbe351a4897b9"}
,"C:\\Users\\mmoha\\CS482\\SE_Project\\soccerleague\\models\\player.js": {"path":"C:\\Users\\mmoha\\CS482\\SE_Project\\soccerleague\\models\\player.js","statementMap":{"0":{"start":{"line":1,"column":17},"end":{"line":1,"column":36}},"1":{"start":{"line":3,"column":15},"end":{"line":3,"column":30}},"2":{"start":{"line":5,"column":21},"end":{"line":10,"column":2}},"3":{"start":{"line":26,"column":0},"end":{"line":26,"column":56}}},"fnMap":{},"branchMap":{},"s":{"0":1,"1":1,"2":1,"3":1},"f":{},"b":{},"_coverageSchema":"1a1c01bbd47fc00a2c39e90264f33305004495a9","hash":"57a46075c82c4c9d1c75277e689444d1b49e1557"}
,"C:\\Users\\mmoha\\CS482\\SE_Project\\soccerleague\\routes\\account.js": {"path":"C:\\Users\\mmoha\\CS482\\SE_Project\\soccerleague\\routes\\account.js","statementMap":{"0":{"start":{"line":1,"column":14},"end":{"line":1,"column":32}},"1":{"start":{"line":2,"column":13},"end":{"line":2,"column":29}},"2":{"start":{"line":4,"column":27},"end":{"line":4,"column":70}},"3":{"start":{"line":7,"column":0},"end":{"line":7,"column":55}},"4":{"start":{"line":9,"column":0},"end":{"line":9,"column":57}},"5":{"start":{"line":12,"column":0},"end":{"line":12,"column":53}},"6":{"start":{"line":14,"column":0},"end":{"line":14,"column":55}},"7":{"start":{"line":16,"column":0},"end":{"line":16,"column":24}}},"fnMap":{},"branchMap":{},"s":{"0":1,"1":1,"2":1,"3":1,"4":1,"5":1,"6":1,"7":1},"f":{},"b":{},"_coverageSchema":"1a1c01bbd47fc00a2c39e90264f33305004495a9","hash":"f5008f5bd39041eed4be87bc8ae6f39d8dc246fa"}
,"C:\\Users\\mmoha\\CS482\\SE_Project\\soccerleague\\routes\\index.js": {"path":"C:\\Users\\mmoha\\CS482\\SE_Project\\soccerleague\\routes\\index.js","statementMap":{"0":{"start":{"line":1,"column":14},"end":{"line":1,"column":32}},"1":{"start":{"line":2,"column":13},"end":{"line":2,"column":29}},"2":{"start":{"line":7,"column":0},"end":{"line":9,"column":3}},"3":{"start":{"line":8,"column":2},"end":{"line":8,"column":61}},"4":{"start":{"line":11,"column":0},"end":{"line":11,"column":24}}},"fnMap":{"0":{"name":"(anonymous_0)","decl":{"start":{"line":7,"column":16},"end":{"line":7,"column":17}},"loc":{"start":{"line":7,"column":41},"end":{"line":9,"column":1}},"line":7}},"branchMap":{},"s":{"0":1,"1":1,"2":1,"3":0,"4":1},"f":{"0":0},"b":{},"_coverageSchema":"1a1c01bbd47fc00a2c39e90264f33305004495a9","hash":"a7d03fe14d99d2967fd1a8bd81fb64710e2ec1b4"}
}
