TN:
SF:models\dbConnection.js
FN:4,(anonymous_0)
FN:7,(anonymous_1)
FN:12,(anonymous_2)
FNF:3
FNH:3
FNDA:4,(anonymous_0)
FNDA:4,(anonymous_1)
FNDA:1,(anonymous_2)
DA:1,4
DA:2,4
DA:4,4
DA:5,4
DA:7,4
DA:8,4
DA:12,4
DA:13,1
LF:8
LH:8
BRDA:8,0,0,0
BRDA:8,0,1,4
BRF:2
BRH:1
end_of_record
TN:
SF:models\pendingDao.js
FN:11,(anonymous_0)
FN:17,(anonymous_1)
FN:22,(anonymous_2)
FN:26,(anonymous_3)
FNF:4
FNH:4
FNDA:3,(anonymous_0)
FNDA:1,(anonymous_1)
FNDA:1,(anonymous_2)
FNDA:4,(anonymous_3)
DA:1,1
DA:2,1
DA:4,1
DA:9,1
DA:11,1
DA:12,3
DA:13,3
DA:14,3
DA:17,1
DA:18,1
DA:19,1
DA:22,1
DA:23,1
DA:26,1
DA:27,4
LF:15
LH:15
BRF:0
BRH:0
end_of_record
TN:
SF:models\teamDao.js
FN:19,(anonymous_0)
FN:26,(anonymous_1)
FN:32,(anonymous_2)
FN:37,(anonymous_3)
FN:42,(anonymous_4)
FN:47,(anonymous_5)
FN:52,(anonymous_6)
FN:57,(anonymous_7)
FN:62,(anonymous_8)
FN:67,(anonymous_9)
FN:72,(anonymous_10)
FNF:11
FNH:11
FNDA:13,(anonymous_0)
FNDA:1,(anonymous_1)
FNDA:1,(anonymous_2)
FNDA:11,(anonymous_3)
FNDA:1,(anonymous_4)
FNDA:1,(anonymous_5)
FNDA:1,(anonymous_6)
FNDA:1,(anonymous_7)
FNDA:1,(anonymous_8)
FNDA:1,(anonymous_9)
FNDA:1,(anonymous_10)
DA:1,2
DA:2,2
DA:4,2
DA:17,2
DA:19,2
DA:20,13
DA:21,13
DA:22,13
DA:26,2
DA:27,1
DA:28,1
DA:32,2
DA:33,1
DA:34,1
DA:37,2
DA:38,11
DA:42,2
DA:43,1
DA:44,1
DA:47,2
DA:48,1
DA:49,1
DA:52,2
DA:53,1
DA:54,1
DA:57,2
DA:58,1
DA:59,1
DA:62,2
DA:63,1
DA:64,1
DA:67,2
DA:68,1
DA:69,1
DA:72,2
DA:73,1
DA:74,1
LF:37
LH:37
BRF:0
BRH:0
end_of_record
TN:
SF:models\userDao.js
FN:15,(anonymous_0)
FN:21,(anonymous_1)
FN:26,(anonymous_2)
FN:31,(anonymous_3)
FN:36,(anonymous_4)
FNF:5
FNH:5
FNDA:25,(anonymous_0)
FNDA:1,(anonymous_1)
FNDA:1,(anonymous_2)
FNDA:1,(anonymous_3)
FNDA:7,(anonymous_4)
DA:1,4
DA:3,4
DA:5,4
DA:13,4
DA:15,4
DA:16,25
DA:17,25
DA:18,25
DA:21,4
DA:22,1
DA:23,1
DA:26,4
DA:27,1
DA:28,1
DA:31,4
DA:32,1
DA:33,1
DA:36,4
DA:37,7
LF:19
LH:19
BRF:0
BRH:0
end_of_record
