<?xml version="1.0" encoding="UTF-8"?>
<coverage generated="1668110161381" clover="3.2.0">
  <project timestamp="1668110161381" name="All files">
    <metrics statements="1" coveredstatements="1" conditionals="0" coveredconditionals="0" methods="1" coveredmethods="1" elements="2" coveredelements="2" complexity="0" loc="1" ncloc="1" packages="2" files="2" classes="2"/>
    <package name="view">
      <metrics statements="0" coveredstatements="0" conditionals="0" coveredconditionals="0" methods="0" coveredmethods="0"/>
      <file name="Home.style.js" path="C:\Users\mmoha\CS482\SE_Project\soccerleague\views_react\view\Home.style.js">
        <metrics statements="0" coveredstatements="0" conditionals="0" coveredconditionals="0" methods="0" coveredmethods="0"/>
      </file>
    </package>
    <package name="view.component">
      <metrics statements="1" coveredstatements="1" conditionals="0" coveredconditionals="0" methods="1" coveredmethods="1"/>
      <file name="button.js" path="C:\Users\mmoha\CS482\SE_Project\soccerleague\views_react\view\component\button.js">
        <metrics statements="1" coveredstatements="1" conditionals="0" coveredconditionals="0" methods="1" coveredmethods="1"/>
        <line num="7" count="4" type="stmt"/>
      </file>
    </package>
  </project>
</coverage>
