<?xml version="1.0" encoding="UTF-8"?>
<coverage generated="1670175344720" clover="3.2.0">
  <project timestamp="1670175344720" name="All files">
    <metrics statements="6" coveredstatements="6" conditionals="0" coveredconditionals="0" methods="6" coveredmethods="6" elements="12" coveredelements="12" complexity="0" loc="6" ncloc="6" packages="2" files="9" classes="9"/>
    <package name="view">
      <metrics statements="0" coveredstatements="0" conditionals="0" coveredconditionals="0" methods="0" coveredmethods="0"/>
      <file name="Flatlist.style.js" path="C:\Users\mmoha\CS482\SE_Project\soccerleague\views_react\view\Flatlist.style.js">
        <metrics statements="0" coveredstatements="0" conditionals="0" coveredconditionals="0" methods="0" coveredmethods="0"/>
      </file>
      <file name="Form.style.js" path="C:\Users\mmoha\CS482\SE_Project\soccerleague\views_react\view\Form.style.js">
        <metrics statements="0" coveredstatements="0" conditionals="0" coveredconditionals="0" methods="0" coveredmethods="0"/>
      </file>
      <file name="Home.style.js" path="C:\Users\mmoha\CS482\SE_Project\soccerleague\views_react\view\Home.style.js">
        <metrics statements="0" coveredstatements="0" conditionals="0" coveredconditionals="0" methods="0" coveredmethods="0"/>
      </file>
    </package>
    <package name="view.component">
      <metrics statements="6" coveredstatements="6" conditionals="0" coveredconditionals="0" methods="6" coveredmethods="6"/>
      <file name="button.js" path="C:\Users\mmoha\CS482\SE_Project\soccerleague\views_react\view\component\button.js">
        <metrics statements="1" coveredstatements="1" conditionals="0" coveredconditionals="0" methods="1" coveredmethods="1"/>
        <line num="7" count="3" type="stmt"/>
      </file>
      <file name="logoutButton.js" path="C:\Users\mmoha\CS482\SE_Project\soccerleague\views_react\view\component\logoutButton.js">
        <metrics statements="1" coveredstatements="1" conditionals="0" coveredconditionals="0" methods="1" coveredmethods="1"/>
        <line num="6" count="1" type="stmt"/>
      </file>
      <file name="passwordForm.js" path="C:\Users\mmoha\CS482\SE_Project\soccerleague\views_react\view\component\passwordForm.js">
        <metrics statements="1" coveredstatements="1" conditionals="0" coveredconditionals="0" methods="1" coveredmethods="1"/>
        <line num="6" count="1" type="stmt"/>
      </file>
      <file name="playerDisplay.js" path="C:\Users\mmoha\CS482\SE_Project\soccerleague\views_react\view\component\playerDisplay.js">
        <metrics statements="1" coveredstatements="1" conditionals="0" coveredconditionals="0" methods="1" coveredmethods="1"/>
        <line num="6" count="1" type="stmt"/>
      </file>
      <file name="rosterDisplay.js" path="C:\Users\mmoha\CS482\SE_Project\soccerleague\views_react\view\component\rosterDisplay.js">
        <metrics statements="1" coveredstatements="1" conditionals="0" coveredconditionals="0" methods="1" coveredmethods="1"/>
        <line num="6" count="1" type="stmt"/>
      </file>
      <file name="teamDisplay.js" path="C:\Users\mmoha\CS482\SE_Project\soccerleague\views_react\view\component\teamDisplay.js">
        <metrics statements="1" coveredstatements="1" conditionals="0" coveredconditionals="0" methods="1" coveredmethods="1"/>
        <line num="6" count="1" type="stmt"/>
      </file>
    </package>
  </project>
</coverage>
