{"C:\\Users\\mmoha\\CS482\\SE_Project\\soccerleague\\views_react\\view\\Flatlist.style.js": {"path":"C:\\Users\\mmoha\\CS482\\SE_Project\\soccerleague\\views_react\\view\\Flatlist.style.js","statementMap":{},"fnMap":{},"branchMap":{},"s":{},"f":{},"b":{},"_coverageSchema":"1a1c01bbd47fc00a2c39e90264f33305004495a9","hash":"8308edac987e7a0557bd844c0ee055ffadac91a4"}
,"C:\\Users\\mmoha\\CS482\\SE_Project\\soccerleague\\views_react\\view\\Form.style.js": {"path":"C:\\Users\\mmoha\\CS482\\SE_Project\\soccerleague\\views_react\\view\\Form.style.js","statementMap":{},"fnMap":{},"branchMap":{},"s":{},"f":{},"b":{},"_coverageSchema":"1a1c01bbd47fc00a2c39e90264f33305004495a9","hash":"8e7660b8e3eaeb02d08269436eeac3ba8e36fa77"}
,"C:\\Users\\mmoha\\CS482\\SE_Project\\soccerleague\\views_react\\view\\Home.style.js": {"path":"C:\\Users\\mmoha\\CS482\\SE_Project\\soccerleague\\views_react\\view\\Home.style.js","statementMap":{},"fnMap":{},"branchMap":{},"s":{},"f":{},"b":{},"_coverageSchema":"1a1c01bbd47fc00a2c39e90264f33305004495a9","hash":"695c3b501b7d4abecb48f10f8ba0b241c9042d8b"}
,"C:\\Users\\mmoha\\CS482\\SE_Project\\soccerleague\\views_react\\view\\component\\button.js": {"path":"C:\\Users\\mmoha\\CS482\\SE_Project\\soccerleague\\views_react\\view\\component\\button.js","statementMap":{"0":{"start":{"line":7,"column":4},"end":{"line":12,"column":6}}},"fnMap":{"0":{"name":"CustomButton","decl":{"start":{"line":5,"column":24},"end":{"line":5,"column":36}},"loc":{"start":{"line":5,"column":55},"end":{"line":13,"column":1}},"line":5}},"branchMap":{},"s":{"0":3},"f":{"0":3},"b":{},"_coverageSchema":"1a1c01bbd47fc00a2c39e90264f33305004495a9","hash":"1faa0746c149e62a2fe14dde5712f26282f9ba06"}
,"C:\\Users\\mmoha\\CS482\\SE_Project\\soccerleague\\views_react\\view\\component\\logoutButton.js": {"path":"C:\\Users\\mmoha\\CS482\\SE_Project\\soccerleague\\views_react\\view\\component\\logoutButton.js","statementMap":{"0":{"start":{"line":6,"column":4},"end":{"line":13,"column":6}}},"fnMap":{"0":{"name":"LogoutButton","decl":{"start":{"line":5,"column":24},"end":{"line":5,"column":36}},"loc":{"start":{"line":5,"column":48},"end":{"line":14,"column":1}},"line":5}},"branchMap":{},"s":{"0":1},"f":{"0":1},"b":{},"_coverageSchema":"1a1c01bbd47fc00a2c39e90264f33305004495a9","hash":"f9a26f4304e12e65fed5028b01a374455f574e5a"}
,"C:\\Users\\mmoha\\CS482\\SE_Project\\soccerleague\\views_react\\view\\component\\passwordForm.js": {"path":"C:\\Users\\mmoha\\CS482\\SE_Project\\soccerleague\\views_react\\view\\component\\passwordForm.js","statementMap":{"0":{"start":{"line":6,"column":4},"end":{"line":11,"column":5}}},"fnMap":{"0":{"name":"PasswordFormField","decl":{"start":{"line":5,"column":24},"end":{"line":5,"column":41}},"loc":{"start":{"line":5,"column":57},"end":{"line":12,"column":1}},"line":5}},"branchMap":{},"s":{"0":1},"f":{"0":1},"b":{},"_coverageSchema":"1a1c01bbd47fc00a2c39e90264f33305004495a9","hash":"085f256248201decb9250de2f3cf8a291f4f42d6"}
,"C:\\Users\\mmoha\\CS482\\SE_Project\\soccerleague\\views_react\\view\\component\\playerDisplay.js": {"path":"C:\\Users\\mmoha\\CS482\\SE_Project\\soccerleague\\views_react\\view\\component\\playerDisplay.js","statementMap":{"0":{"start":{"line":6,"column":4},"end":{"line":12,"column":5}}},"fnMap":{"0":{"name":"PlayerDisplay","decl":{"start":{"line":5,"column":24},"end":{"line":5,"column":37}},"loc":{"start":{"line":5,"column":79},"end":{"line":13,"column":1}},"line":5}},"branchMap":{},"s":{"0":1},"f":{"0":1},"b":{},"_coverageSchema":"1a1c01bbd47fc00a2c39e90264f33305004495a9","hash":"000e6e5d6a05a8702a6a6e3790ff15a4b68e1bc0"}
,"C:\\Users\\mmoha\\CS482\\SE_Project\\soccerleague\\views_react\\view\\component\\rosterDisplay.js": {"path":"C:\\Users\\mmoha\\CS482\\SE_Project\\soccerleague\\views_react\\view\\component\\rosterDisplay.js","statementMap":{"0":{"start":{"line":6,"column":4},"end":{"line":12,"column":5}}},"fnMap":{"0":{"name":"RosterDisplay","decl":{"start":{"line":5,"column":24},"end":{"line":5,"column":37}},"loc":{"start":{"line":5,"column":71},"end":{"line":13,"column":1}},"line":5}},"branchMap":{},"s":{"0":1},"f":{"0":1},"b":{},"_coverageSchema":"1a1c01bbd47fc00a2c39e90264f33305004495a9","hash":"2db8cc9d9c451a7153c35769c7b6991de5c8a250"}
,"C:\\Users\\mmoha\\CS482\\SE_Project\\soccerleague\\views_react\\view\\component\\teamDisplay.js": {"path":"C:\\Users\\mmoha\\CS482\\SE_Project\\soccerleague\\views_react\\view\\component\\teamDisplay.js","statementMap":{"0":{"start":{"line":6,"column":4},"end":{"line":11,"column":5}}},"fnMap":{"0":{"name":"TeamDisplay","decl":{"start":{"line":5,"column":24},"end":{"line":5,"column":35}},"loc":{"start":{"line":5,"column":65},"end":{"line":12,"column":1}},"line":5}},"branchMap":{},"s":{"0":1},"f":{"0":1},"b":{},"_coverageSchema":"1a1c01bbd47fc00a2c39e90264f33305004495a9","hash":"ece8fc714f8717926b1237ebb32edbf413d46f4b"}
}
