{"C:\\Users\\mmoha\\CS482\\SE_Project\\soccerleague\\views_react\\view\\Home.style.js": {"path":"C:\\Users\\mmoha\\CS482\\SE_Project\\soccerleague\\views_react\\view\\Home.style.js","statementMap":{},"fnMap":{},"branchMap":{},"s":{},"f":{},"b":{},"_coverageSchema":"1a1c01bbd47fc00a2c39e90264f33305004495a9","hash":"695c3b501b7d4abecb48f10f8ba0b241c9042d8b"}
,"C:\\Users\\mmoha\\CS482\\SE_Project\\soccerleague\\views_react\\view\\component\\button.js": {"path":"C:\\Users\\mmoha\\CS482\\SE_Project\\soccerleague\\views_react\\view\\component\\button.js","statementMap":{"0":{"start":{"line":7,"column":4},"end":{"line":12,"column":6}}},"fnMap":{"0":{"name":"CustomButton","decl":{"start":{"line":5,"column":24},"end":{"line":5,"column":36}},"loc":{"start":{"line":5,"column":54},"end":{"line":13,"column":1}},"line":5}},"branchMap":{},"s":{"0":5},"f":{"0":5},"b":{},"_coverageSchema":"1a1c01bbd47fc00a2c39e90264f33305004495a9","hash":"36e379b6d93ff43beb62861708b930084876c36d"}
}
