TN:
SF:view\Flatlist.style.js
FNF:0
FNH:0
LF:0
LH:0
BRF:0
BRH:0
end_of_record
TN:
SF:view\Form.style.js
FNF:0
FNH:0
LF:0
LH:0
BRF:0
BRH:0
end_of_record
TN:
SF:view\Home.style.js
FNF:0
FNH:0
LF:0
LH:0
BRF:0
BRH:0
end_of_record
TN:
SF:view\component\button.js
FN:5,CustomButton
FNF:1
FNH:1
FNDA:3,CustomButton
DA:7,3
LF:1
LH:1
BRF:0
BRH:0
end_of_record
TN:
SF:view\component\logoutButton.js
FN:5,LogoutButton
FNF:1
FNH:1
FNDA:1,LogoutButton
DA:6,1
LF:1
LH:1
BRF:0
BRH:0
end_of_record
TN:
SF:view\component\passwordForm.js
FN:5,PasswordFormField
FNF:1
FNH:1
FNDA:1,PasswordFormField
DA:6,1
LF:1
LH:1
BRF:0
BRH:0
end_of_record
TN:
SF:view\component\playerDisplay.js
FN:5,PlayerDisplay
FNF:1
FNH:1
FNDA:1,PlayerDisplay
DA:6,1
LF:1
LH:1
BRF:0
BRH:0
end_of_record
TN:
SF:view\component\rosterDisplay.js
FN:5,RosterDisplay
FNF:1
FNH:1
FNDA:1,RosterDisplay
DA:6,1
LF:1
LH:1
BRF:0
BRH:0
end_of_record
TN:
SF:view\component\teamDisplay.js
FN:5,TeamDisplay
FNF:1
FNH:1
FNDA:1,TeamDisplay
DA:6,1
LF:1
LH:1
BRF:0
BRH:0
end_of_record
